<?xml version="1.0" encoding="UTF-8"?>
<!-- Generated by org.testng.reporters.JUnitReportReporter -->
<testsuite hostname="DESKTOP-LUPK89I" failures="0" tests="7" name="Training.S2" time="27.951" errors="0" timestamp="2022-04-15T14:20:32 IST" skipped="6">
  <testcase classname="Training.S2" name="testcase7" time="27.951"/>
  <system-out/>
  <testcase classname="Training.S2" name="Testcase1">
    <skipped/>
  </testcase> <!-- Testcase1 -->
  <system-out/>
  <testcase classname="Training.S2" name="testcase5">
    <skipped/>
  </testcase> <!-- testcase5 -->
  <system-out/>
  <testcase classname="Training.S2" name="testcase4">
    <skipped/>
  </testcase> <!-- testcase4 -->
  <system-out/>
  <testcase classname="Training.S2" name="testcase3">
    <skipped/>
  </testcase> <!-- testcase3 -->
  <system-out/>
  <testcase classname="Training.S2" name="testcase2">
    <skipped/>
  </testcase> <!-- testcase2 -->
  <system-out/>
  <testcase classname="Training.S2" name="testcase6">
    <skipped/>
  </testcase> <!-- testcase6 -->
  <system-out/>
</testsuite> <!-- Training.S2 -->
