<?xml version="1.0" encoding="UTF-8"?>
<!-- Generated by org.testng.reporters.JUnitReportReporter -->
<testsuite hostname="DESKTOP-LUPK89I" failures="0" tests="1" name="Training.S7" time="4.219" errors="0" timestamp="2022-03-31T16:12:54 IST" skipped="0">
  <testcase classname="Training.S7" name="testcase1" time="4.219"/>
  <system-out/>
</testsuite> <!-- Training.S7 -->
