<?xml version="1.0" encoding="UTF-8"?>
<!-- Generated by org.testng.reporters.JUnitReportReporter -->
<testsuite hostname="DESKTOP-LUPK89I" failures="0" tests="2" name="practise.Khan.KhanA" time="92.387" errors="0" timestamp="2022-04-28T10:30:41 IST" skipped="1">
  <testcase classname="practise.Khan.KhanA" name="tc0" time="92.387"/>
  <system-out>
    <![CDATA[Surprice Course : Congress: The Senate and the House of Representatives]]>
  </system-out>
  <testcase classname="practise.Khan.KhanA" name="tc1">
    <skipped/>
  </testcase> <!-- tc1 -->
  <system-out/>
</testsuite> <!-- practise.Khan.KhanA -->
